<?xml version="1.0" encoding="UTF-8"?>
<!-- Generated by org.testng.reporters.JUnitReportReporter -->
<testsuite hostname="manju-PC" failures="0" tests="2" name="com.sr.Testscripts.Addingtocart" time="6.631" errors="1" timestamp="14 Feb 2021 21:45:54 GMT" skipped="1">
  <testcase classname="com.sr.Testscripts.Addingtocart" name="tc1" time="0.000">
    <skipped/>
  </testcase> <!-- tc1 -->
  <testcase classname="com.sr.Testscripts.Addingtocart" name="openapp" time="6.631">
    <error message="session not created
from chrome not reachable
  (Session info: chrome=88.0.4324.150)
Build info: version: &#039;3.141.59&#039;, revision: &#039;e82be7d358&#039;, time: &#039;2018-11-14T08:17:03&#039;
System info: host: &#039;MANJU-PC&#039;, ip: &#039;192.168.222.1&#039;, os.name: &#039;Windows 7&#039;, os.arch: &#039;amd64&#039;, os.version: &#039;6.1&#039;, java.version: &#039;14.0.2&#039;
Driver info: driver.version: ChromeDriver
remote stacktrace: Backtrace:
	Ordinal0 [0x0170C0C3+3326147]
	Ordinal0 [0x015F0851+2164817]
	Ordinal0 [0x01477140+618816]
	Ordinal0 [0x0146D404+578564]
	Ordinal0 [0x0146DACB+580299]
	Ordinal0 [0x0146ED35+585013]
	Ordinal0 [0x01469D61+564577]
	Ordinal0 [0x014782C0+623296]
	Ordinal0 [0x01416BDD+224221]
	Ordinal0 [0x01415CAC+220332]
	Ordinal0 [0x0141189B+202907]
	Ordinal0 [0x013F3DF4+81396]
	Ordinal0 [0x013F4DEE+85486]
	Ordinal0 [0x013F4D79+85369]
	Ordinal0 [0x016085DC+2262492]
	GetHandleVerifier [0x01892874+1487204]
	GetHandleVerifier [0x018923CD+1486013]
	GetHandleVerifier [0x0189A368+1518680]
	GetHandleVerifier [0x01892F4E+1488958]
	Ordinal0 [0x015FED0D+2223373]
	Ordinal0 [0x0160A12B+2269483]
	Ordinal0 [0x0160A26F+2269807]
	Ordinal0 [0x0161ECB8+2354360]
	BaseThreadInitThunk [0x7641343D+18]
	RtlInitializeExceptionChain [0x77159802+99]
	RtlInitializeExceptionChain [0x771597D5+54]
" type="org.openqa.selenium.SessionNotCreatedException">
      <![CDATA[org.openqa.selenium.SessionNotCreatedException: session not created
from chrome not reachable
  (Session info: chrome=88.0.4324.150)
Build info: version: '3.141.59', revision: 'e82be7d358', time: '2018-11-14T08:17:03'
System info: host: 'MANJU-PC', ip: '192.168.222.1', os.name: 'Windows 7', os.arch: 'amd64', os.version: '6.1', java.version: '14.0.2'
Driver info: driver.version: ChromeDriver
remote stacktrace: Backtrace:
Ordinal0 [0x0170C0C3+3326147]
Ordinal0 [0x015F0851+2164817]
Ordinal0 [0x01477140+618816]
Ordinal0 [0x0146D404+578564]
Ordinal0 [0x0146DACB+580299]
Ordinal0 [0x0146ED35+585013]
Ordinal0 [0x01469D61+564577]
Ordinal0 [0x014782C0+623296]
Ordinal0 [0x01416BDD+224221]
Ordinal0 [0x01415CAC+220332]
Ordinal0 [0x0141189B+202907]
Ordinal0 [0x013F3DF4+81396]
Ordinal0 [0x013F4DEE+85486]
Ordinal0 [0x013F4D79+85369]
Ordinal0 [0x016085DC+2262492]
GetHandleVerifier [0x01892874+1487204]
GetHandleVerifier [0x018923CD+1486013]
GetHandleVerifier [0x0189A368+1518680]
GetHandleVerifier [0x01892F4E+1488958]
Ordinal0 [0x015FED0D+2223373]
Ordinal0 [0x0160A12B+2269483]
Ordinal0 [0x0160A26F+2269807]
Ordinal0 [0x0161ECB8+2354360]
BaseThreadInitThunk [0x7641343D+18]
RtlInitializeExceptionChain [0x77159802+99]
RtlInitializeExceptionChain [0x771597D5+54]

at java.base/jdk.internal.reflect.NativeConstructorAccessorImpl.newInstance0(Native Method)
at java.base/jdk.internal.reflect.NativeConstructorAccessorImpl.newInstance(NativeConstructorAccessorImpl.java:62)
at java.base/jdk.internal.reflect.DelegatingConstructorAccessorImpl.newInstance(DelegatingConstructorAccessorImpl.java:45)
at java.base/java.lang.reflect.Constructor.newInstanceWithCaller(Constructor.java:500)
at java.base/java.lang.reflect.Constructor.newInstance(Constructor.java:481)
at org.openqa.selenium.remote.W3CHandshakeResponse.lambda$errorHandler$0(W3CHandshakeResponse.java:62)
at org.openqa.selenium.remote.HandshakeResponse.lambda$getResponseFunction$0(HandshakeResponse.java:30)
at org.openqa.selenium.remote.ProtocolHandshake.lambda$createSession$0(ProtocolHandshake.java:126)
at java.base/java.util.stream.ReferencePipeline$3$1.accept(ReferencePipeline.java:195)
at java.base/java.util.Spliterators$ArraySpliterator.tryAdvance(Spliterators.java:958)
at java.base/java.util.stream.ReferencePipeline.forEachWithCancel(ReferencePipeline.java:127)
at java.base/java.util.stream.AbstractPipeline.copyIntoWithCancel(AbstractPipeline.java:502)
at java.base/java.util.stream.AbstractPipeline.copyInto(AbstractPipeline.java:488)
at java.base/java.util.stream.AbstractPipeline.wrapAndCopyInto(AbstractPipeline.java:474)
at java.base/java.util.stream.FindOps$FindOp.evaluateSequential(FindOps.java:150)
at java.base/java.util.stream.AbstractPipeline.evaluate(AbstractPipeline.java:234)
at java.base/java.util.stream.ReferencePipeline.findFirst(ReferencePipeline.java:543)
at org.openqa.selenium.remote.ProtocolHandshake.createSession(ProtocolHandshake.java:128)
at org.openqa.selenium.remote.ProtocolHandshake.createSession(ProtocolHandshake.java:74)
at org.openqa.selenium.remote.HttpCommandExecutor.execute(HttpCommandExecutor.java:136)
at org.openqa.selenium.remote.service.DriverCommandExecutor.execute(DriverCommandExecutor.java:83)
at org.openqa.selenium.remote.RemoteWebDriver.execute(RemoteWebDriver.java:552)
at org.openqa.selenium.remote.RemoteWebDriver.startSession(RemoteWebDriver.java:213)
at org.openqa.selenium.remote.RemoteWebDriver.<init>(RemoteWebDriver.java:131)
at org.openqa.selenium.chrome.ChromeDriver.<init>(ChromeDriver.java:181)
at org.openqa.selenium.chrome.ChromeDriver.<init>(ChromeDriver.java:168)
at org.openqa.selenium.chrome.ChromeDriver.<init>(ChromeDriver.java:123)
at com.sr.genericlib.BaseClass.openapp(BaseClass.java:32)
at java.base/jdk.internal.reflect.NativeMethodAccessorImpl.invoke0(Native Method)
at java.base/jdk.internal.reflect.NativeMethodAccessorImpl.invoke(NativeMethodAccessorImpl.java:62)
at java.base/jdk.internal.reflect.DelegatingMethodAccessorImpl.invoke(DelegatingMethodAccessorImpl.java:43)
at java.base/java.lang.reflect.Method.invoke(Method.java:564)
at org.testng.internal.MethodInvocationHelper.invokeMethod(MethodInvocationHelper.java:124)
at org.testng.internal.MethodInvocationHelper.invokeMethodConsideringTimeout(MethodInvocationHelper.java:59)
at org.testng.internal.Invoker.invokeConfigurationMethod(Invoker.java:458)
at org.testng.internal.Invoker.invokeConfigurations(Invoker.java:222)
at org.testng.internal.Invoker.invokeMethod(Invoker.java:523)
at org.testng.internal.Invoker.invokeTestMethod(Invoker.java:719)
at org.testng.internal.Invoker.invokeTestMethods(Invoker.java:989)
at org.testng.internal.TestMethodWorker.invokeTestMethods(TestMethodWorker.java:125)
at org.testng.internal.TestMethodWorker.run(TestMethodWorker.java:109)
at org.testng.TestRunner.privateRun(TestRunner.java:648)
at org.testng.TestRunner.run(TestRunner.java:505)
at org.testng.SuiteRunner.runTest(SuiteRunner.java:455)
at org.testng.SuiteRunner.runSequentially(SuiteRunner.java:450)
at org.testng.SuiteRunner.privateRun(SuiteRunner.java:415)
at org.testng.SuiteRunner.run(SuiteRunner.java:364)
at org.testng.SuiteRunnerWorker.runSuite(SuiteRunnerWorker.java:52)
at org.testng.SuiteRunnerWorker.run(SuiteRunnerWorker.java:84)
at org.testng.TestNG.runSuitesSequentially(TestNG.java:1208)
at org.testng.TestNG.runSuitesLocally(TestNG.java:1137)
at org.testng.TestNG.runSuites(TestNG.java:1049)
at org.testng.TestNG.run(TestNG.java:1017)
at org.testng.remote.AbstractRemoteTestNG.run(AbstractRemoteTestNG.java:115)
at org.testng.remote.RemoteTestNG.initAndRun(RemoteTestNG.java:251)
at org.testng.remote.RemoteTestNG.main(RemoteTestNG.java:77)
]]>
    </error>
  </testcase> <!-- openapp -->
</testsuite> <!-- com.sr.Testscripts.Addingtocart -->
